2017-08-03 22:55:15.992 INFO  (main) [   ] o.e.j.s.Server jetty-9.3.14.v20161028
2017-08-03 22:55:16.858 INFO  (main) [   ] o.a.s.s.SolrDispatchFilter  ___      _       Welcome to Apache Solr™ version 6.6.0
2017-08-03 22:55:16.858 INFO  (main) [   ] o.a.s.s.SolrDispatchFilter / __| ___| |_ _   Starting in standalone mode on port 8900
2017-08-03 22:55:16.858 INFO  (main) [   ] o.a.s.s.SolrDispatchFilter \__ \/ _ \ | '_|  Install dir: /mnt/c/Users/ryan.holt/Documents/workspace/SOLRservices/solr-6.6.0
2017-08-03 22:55:16.874 INFO  (main) [   ] o.a.s.s.SolrDispatchFilter |___/\___/_|_|    Start time: 2017-08-03T22:55:16.858Z
2017-08-03 22:55:16.874 INFO  (main) [   ] o.a.s.s.StartupLoggingUtils Property solr.log.muteconsole given. Muting ConsoleAppender named CONSOLE
2017-08-03 22:55:16.900 INFO  (main) [   ] o.a.s.c.SolrResourceLoader Using system property solr.solr.home: /mnt/c/Users/ryan.holt/Documents/workspace/SOLRservices/solr-6.6.0/server/solr
2017-08-03 22:55:16.902 INFO  (main) [   ] o.a.s.c.SolrXmlConfig Loading container configuration from /mnt/c/Users/ryan.holt/Documents/workspace/SOLRservices/solr-6.6.0/server/solr/solr.xml
2017-08-03 22:55:17.366 INFO  (main) [   ] o.a.s.u.UpdateShardHandler Creating UpdateShardHandler HTTP client with params: socketTimeout=600000&connTimeout=60000&retry=true
2017-08-03 22:55:17.564 WARN  (main) [   ] o.a.s.h.a.SystemInfoHandler Unable to resolve canonical hostname for local host, possible DNS misconfiguration. Set the 'solr.dns.prevent.reverse.lookup' sysprop to true on startup to prevent future lookups if DNS can not be fixed.
java.net.UnknownHostException: DESKTOP-P6N6CRC: DESKTOP-P6N6CRC: Name or service not known
	at java.net.InetAddress.getLocalHost(InetAddress.java:1505)
	at org.apache.solr.handler.admin.SystemInfoHandler.initHostname(SystemInfoHandler.java:110)
	at org.apache.solr.handler.admin.SystemInfoHandler.<init>(SystemInfoHandler.java:97)
	at org.apache.solr.handler.admin.InfoHandler.<init>(InfoHandler.java:52)
	at sun.reflect.NativeConstructorAccessorImpl.newInstance0(Native Method)
	at sun.reflect.NativeConstructorAccessorImpl.newInstance(NativeConstructorAccessorImpl.java:62)
	at sun.reflect.DelegatingConstructorAccessorImpl.newInstance(DelegatingConstructorAccessorImpl.java:45)
	at java.lang.reflect.Constructor.newInstance(Constructor.java:423)
	at org.apache.solr.core.SolrResourceLoader.newInstance(SolrResourceLoader.java:637)
	at org.apache.solr.core.CoreContainer.createHandler(CoreContainer.java:1364)
	at org.apache.solr.core.CoreContainer.load(CoreContainer.java:491)
	at org.apache.solr.servlet.SolrDispatchFilter.createCoreContainer(SolrDispatchFilter.java:244)
	at org.apache.solr.servlet.SolrDispatchFilter.init(SolrDispatchFilter.java:173)
	at org.eclipse.jetty.servlet.FilterHolder.initialize(FilterHolder.java:137)
	at org.eclipse.jetty.servlet.ServletHandler.initialize(ServletHandler.java:873)
	at org.eclipse.jetty.servlet.ServletContextHandler.startContext(ServletContextHandler.java:349)
	at org.eclipse.jetty.webapp.WebAppContext.startWebapp(WebAppContext.java:1404)
	at org.eclipse.jetty.webapp.WebAppContext.startContext(WebAppContext.java:1366)
	at org.eclipse.jetty.server.handler.ContextHandler.doStart(ContextHandler.java:778)
	at org.eclipse.jetty.servlet.ServletContextHandler.doStart(ServletContextHandler.java:262)
	at org.eclipse.jetty.webapp.WebAppContext.doStart(WebAppContext.java:520)
	at org.eclipse.jetty.util.component.AbstractLifeCycle.start(AbstractLifeCycle.java:68)
	at org.eclipse.jetty.deploy.bindings.StandardStarter.processBinding(StandardStarter.java:41)
	at org.eclipse.jetty.deploy.AppLifeCycle.runBindings(AppLifeCycle.java:188)
	at org.eclipse.jetty.deploy.DeploymentManager.requestAppGoal(DeploymentManager.java:499)
	at org.eclipse.jetty.deploy.DeploymentManager.addApp(DeploymentManager.java:147)
	at org.eclipse.jetty.deploy.providers.ScanningAppProvider.fileAdded(ScanningAppProvider.java:180)
	at org.eclipse.jetty.deploy.providers.WebAppProvider.fileAdded(WebAppProvider.java:458)
	at org.eclipse.jetty.deploy.providers.ScanningAppProvider$1.fileAdded(ScanningAppProvider.java:64)
	at org.eclipse.jetty.util.Scanner.reportAddition(Scanner.java:610)
	at org.eclipse.jetty.util.Scanner.reportDifferences(Scanner.java:529)
	at org.eclipse.jetty.util.Scanner.scan(Scanner.java:392)
	at org.eclipse.jetty.util.Scanner.doStart(Scanner.java:313)
	at org.eclipse.jetty.util.component.AbstractLifeCycle.start(AbstractLifeCycle.java:68)
	at org.eclipse.jetty.deploy.providers.ScanningAppProvider.doStart(ScanningAppProvider.java:150)
	at org.eclipse.jetty.util.component.AbstractLifeCycle.start(AbstractLifeCycle.java:68)
	at org.eclipse.jetty.deploy.DeploymentManager.startAppProvider(DeploymentManager.java:561)
	at org.eclipse.jetty.deploy.DeploymentManager.doStart(DeploymentManager.java:236)
	at org.eclipse.jetty.util.component.AbstractLifeCycle.start(AbstractLifeCycle.java:68)
	at org.eclipse.jetty.util.component.ContainerLifeCycle.start(ContainerLifeCycle.java:131)
	at org.eclipse.jetty.server.Server.start(Server.java:422)
	at org.eclipse.jetty.util.component.ContainerLifeCycle.doStart(ContainerLifeCycle.java:113)
	at org.eclipse.jetty.server.handler.AbstractHandler.doStart(AbstractHandler.java:61)
	at org.eclipse.jetty.server.Server.doStart(Server.java:389)
	at org.eclipse.jetty.util.component.AbstractLifeCycle.start(AbstractLifeCycle.java:68)
	at org.eclipse.jetty.xml.XmlConfiguration$1.run(XmlConfiguration.java:1516)
	at java.security.AccessController.doPrivileged(Native Method)
	at org.eclipse.jetty.xml.XmlConfiguration.main(XmlConfiguration.java:1441)
	at sun.reflect.NativeMethodAccessorImpl.invoke0(Native Method)
	at sun.reflect.NativeMethodAccessorImpl.invoke(NativeMethodAccessorImpl.java:62)
	at sun.reflect.DelegatingMethodAccessorImpl.invoke(DelegatingMethodAccessorImpl.java:43)
	at java.lang.reflect.Method.invoke(Method.java:498)
	at org.eclipse.jetty.start.Main.invokeMain(Main.java:214)
	at org.eclipse.jetty.start.Main.start(Main.java:457)
	at org.eclipse.jetty.start.Main.main(Main.java:75)
Caused by: java.net.UnknownHostException: DESKTOP-P6N6CRC: Name or service not known
	at java.net.Inet6AddressImpl.lookupAllHostAddr(Native Method)
	at java.net.InetAddress$2.lookupAllHostAddr(InetAddress.java:928)
	at java.net.InetAddress.getAddressesFromNameService(InetAddress.java:1323)
	at java.net.InetAddress.getLocalHost(InetAddress.java:1500)
	... 54 more
2017-08-03 22:55:17.693 INFO  (main) [   ] o.a.s.c.CorePropertiesLocator Found 2 core definitions underneath /mnt/c/Users/ryan.holt/Documents/workspace/SOLRservices/solr-6.6.0/server/solr
2017-08-03 22:55:17.693 INFO  (main) [   ] o.a.s.c.CorePropertiesLocator Cores are: [default, solrservices]
2017-08-03 22:55:17.807 INFO  (coreLoadExecutor-6-thread-1) [   x:default] o.a.s.c.SolrResourceLoader [default] Added 51 libs to classloader, from paths: [/mnt/c/Users/ryan.holt/Documents/workspace/SOLRservices/solr-6.6.0/contrib/clustering/lib, /mnt/c/Users/ryan.holt/Documents/workspace/SOLRservices/solr-6.6.0/contrib/extraction/lib, /mnt/c/Users/ryan.holt/Documents/workspace/SOLRservices/solr-6.6.0/contrib/langid/lib, /mnt/c/Users/ryan.holt/Documents/workspace/SOLRservices/solr-6.6.0/contrib/velocity/lib, /mnt/c/Users/ryan.holt/Documents/workspace/SOLRservices/solr-6.6.0/dist]
2017-08-03 22:55:17.823 INFO  (coreLoadExecutor-6-thread-2) [   x:solrservices] o.a.s.c.SolrResourceLoader [solrservices] Added 51 libs to classloader, from paths: [/mnt/c/Users/ryan.holt/Documents/workspace/SOLRservices/solr-6.6.0/contrib/clustering/lib, /mnt/c/Users/ryan.holt/Documents/workspace/SOLRservices/solr-6.6.0/contrib/extraction/lib, /mnt/c/Users/ryan.holt/Documents/workspace/SOLRservices/solr-6.6.0/contrib/langid/lib, /mnt/c/Users/ryan.holt/Documents/workspace/SOLRservices/solr-6.6.0/contrib/velocity/lib, /mnt/c/Users/ryan.holt/Documents/workspace/SOLRservices/solr-6.6.0/dist]
2017-08-03 22:55:17.855 INFO  (main) [   ] o.e.j.s.Server Started @2674ms
2017-08-03 22:55:18.094 INFO  (coreLoadExecutor-6-thread-2) [   x:solrservices] o.a.s.c.SolrConfig Using Lucene MatchVersion: 6.6.0
2017-08-03 22:55:18.096 INFO  (coreLoadExecutor-6-thread-1) [   x:default] o.a.s.c.SolrConfig Using Lucene MatchVersion: 6.6.0
2017-08-03 22:55:18.385 INFO  (coreLoadExecutor-6-thread-2) [   x:solrservices] o.a.s.s.IndexSchema [solrservices] Schema name=example-data-driven-schema
2017-08-03 22:55:18.385 INFO  (coreLoadExecutor-6-thread-1) [   x:default] o.a.s.s.IndexSchema [default] Schema name=example-data-driven-schema
2017-08-03 22:55:19.238 INFO  (coreLoadExecutor-6-thread-2) [   x:solrservices] o.a.s.s.IndexSchema Loaded schema example-data-driven-schema/1.6 with uniqueid field id
2017-08-03 22:55:19.238 INFO  (coreLoadExecutor-6-thread-1) [   x:default] o.a.s.s.IndexSchema Loaded schema example-data-driven-schema/1.6 with uniqueid field id
2017-08-03 22:55:19.424 INFO  (coreLoadExecutor-6-thread-2) [   x:solrservices] o.a.s.c.CoreContainer Creating SolrCore 'solrservices' using configuration from instancedir /mnt/c/Users/ryan.holt/Documents/workspace/SOLRservices/solr-6.6.0/server/solr/solrservices, trusted=true
2017-08-03 22:55:19.431 INFO  (coreLoadExecutor-6-thread-1) [   x:default] o.a.s.c.CoreContainer Creating SolrCore 'default' using configuration from instancedir /mnt/c/Users/ryan.holt/Documents/workspace/SOLRservices/solr-6.6.0/server/solr/default, trusted=true
2017-08-03 22:55:19.482 INFO  (coreLoadExecutor-6-thread-2) [   x:solrservices] o.a.s.c.SolrCore solr.RecoveryStrategy.Builder
2017-08-03 22:55:19.482 INFO  (coreLoadExecutor-6-thread-1) [   x:default] o.a.s.c.SolrCore solr.RecoveryStrategy.Builder
2017-08-03 22:55:19.488 INFO  (coreLoadExecutor-6-thread-2) [   x:solrservices] o.a.s.c.SolrCore [[solrservices] ] Opening new SolrCore at [/mnt/c/Users/ryan.holt/Documents/workspace/SOLRservices/solr-6.6.0/server/solr/solrservices], dataDir=[/mnt/c/Users/ryan.holt/Documents/workspace/SOLRservices/solr-6.6.0/server/solr/solrservices/data/]
2017-08-03 22:55:19.488 INFO  (coreLoadExecutor-6-thread-1) [   x:default] o.a.s.c.SolrCore [[default] ] Opening new SolrCore at [/mnt/c/Users/ryan.holt/Documents/workspace/SOLRservices/solr-6.6.0/server/solr/default], dataDir=[/mnt/c/Users/ryan.holt/Documents/workspace/SOLRservices/solr-6.6.0/server/solr/default/data/]
2017-08-03 22:55:19.560 INFO  (coreLoadExecutor-6-thread-1) [   x:default] o.a.s.r.XSLTResponseWriter xsltCacheLifetimeSeconds=5
2017-08-03 22:55:19.560 INFO  (coreLoadExecutor-6-thread-2) [   x:solrservices] o.a.s.r.XSLTResponseWriter xsltCacheLifetimeSeconds=5
2017-08-03 22:55:20.101 WARN  (coreLoadExecutor-6-thread-1) [   x:default] o.a.s.h.a.SystemInfoHandler Unable to resolve canonical hostname for local host, possible DNS misconfiguration. Set the 'solr.dns.prevent.reverse.lookup' sysprop to true on startup to prevent future lookups if DNS can not be fixed.
java.net.UnknownHostException: DESKTOP-P6N6CRC: DESKTOP-P6N6CRC: Name or service not known
	at java.net.InetAddress.getLocalHost(InetAddress.java:1505)
	at org.apache.solr.handler.admin.SystemInfoHandler.initHostname(SystemInfoHandler.java:110)
	at org.apache.solr.handler.admin.SystemInfoHandler.<init>(SystemInfoHandler.java:97)
	at org.apache.solr.handler.admin.SystemInfoHandler.<init>(SystemInfoHandler.java:91)
	at sun.reflect.NativeConstructorAccessorImpl.newInstance0(Native Method)
	at sun.reflect.NativeConstructorAccessorImpl.newInstance(NativeConstructorAccessorImpl.java:62)
	at sun.reflect.DelegatingConstructorAccessorImpl.newInstance(DelegatingConstructorAccessorImpl.java:45)
	at java.lang.reflect.Constructor.newInstance(Constructor.java:423)
	at org.apache.solr.core.SolrResourceLoader.newInstance(SolrResourceLoader.java:637)
	at org.apache.solr.core.SolrResourceLoader.newInstance(SolrResourceLoader.java:590)
	at org.apache.solr.core.SolrResourceLoader.newInstance(SolrResourceLoader.java:583)
	at org.apache.solr.core.SolrCore.createInstance(SolrCore.java:763)
	at org.apache.solr.core.PluginBag.createPlugin(PluginBag.java:133)
	at org.apache.solr.core.PluginBag.init(PluginBag.java:269)
	at org.apache.solr.core.RequestHandlers.initHandlersFromConfig(RequestHandlers.java:130)
	at org.apache.solr.core.SolrCore.<init>(SolrCore.java:935)
	at org.apache.solr.core.SolrCore.<init>(SolrCore.java:830)
	at org.apache.solr.core.CoreContainer.create(CoreContainer.java:920)
	at org.apache.solr.core.CoreContainer.lambda$load$5(CoreContainer.java:558)
	at com.codahale.metrics.InstrumentedExecutorService$InstrumentedCallable.call(InstrumentedExecutorService.java:197)
	at java.util.concurrent.FutureTask.run(FutureTask.java:266)
	at org.apache.solr.common.util.ExecutorUtil$MDCAwareThreadPoolExecutor.lambda$execute$0(ExecutorUtil.java:229)
	at java.util.concurrent.ThreadPoolExecutor.runWorker(ThreadPoolExecutor.java:1142)
	at java.util.concurrent.ThreadPoolExecutor$Worker.run(ThreadPoolExecutor.java:617)
	at java.lang.Thread.run(Thread.java:748)
Caused by: java.net.UnknownHostException: DESKTOP-P6N6CRC: Name or service not known
	at java.net.Inet6AddressImpl.lookupAllHostAddr(Native Method)
	at java.net.InetAddress$2.lookupAllHostAddr(InetAddress.java:928)
	at java.net.InetAddress.getAddressesFromNameService(InetAddress.java:1323)
	at java.net.InetAddress.getLocalHost(InetAddress.java:1500)
	... 24 more
2017-08-03 22:55:20.150 WARN  (coreLoadExecutor-6-thread-2) [   x:solrservices] o.a.s.h.a.SystemInfoHandler Unable to resolve canonical hostname for local host, possible DNS misconfiguration. Set the 'solr.dns.prevent.reverse.lookup' sysprop to true on startup to prevent future lookups if DNS can not be fixed.
java.net.UnknownHostException: DESKTOP-P6N6CRC: DESKTOP-P6N6CRC: Name or service not known
	at java.net.InetAddress.getLocalHost(InetAddress.java:1505)
	at org.apache.solr.handler.admin.SystemInfoHandler.initHostname(SystemInfoHandler.java:110)
	at org.apache.solr.handler.admin.SystemInfoHandler.<init>(SystemInfoHandler.java:97)
	at org.apache.solr.handler.admin.SystemInfoHandler.<init>(SystemInfoHandler.java:91)
	at sun.reflect.NativeConstructorAccessorImpl.newInstance0(Native Method)
	at sun.reflect.NativeConstructorAccessorImpl.newInstance(NativeConstructorAccessorImpl.java:62)
	at sun.reflect.DelegatingConstructorAccessorImpl.newInstance(DelegatingConstructorAccessorImpl.java:45)
	at java.lang.reflect.Constructor.newInstance(Constructor.java:423)
	at org.apache.solr.core.SolrResourceLoader.newInstance(SolrResourceLoader.java:637)
	at org.apache.solr.core.SolrResourceLoader.newInstance(SolrResourceLoader.java:590)
	at org.apache.solr.core.SolrResourceLoader.newInstance(SolrResourceLoader.java:583)
	at org.apache.solr.core.SolrCore.createInstance(SolrCore.java:763)
	at org.apache.solr.core.PluginBag.createPlugin(PluginBag.java:133)
	at org.apache.solr.core.PluginBag.init(PluginBag.java:269)
	at org.apache.solr.core.RequestHandlers.initHandlersFromConfig(RequestHandlers.java:130)
	at org.apache.solr.core.SolrCore.<init>(SolrCore.java:935)
	at org.apache.solr.core.SolrCore.<init>(SolrCore.java:830)
	at org.apache.solr.core.CoreContainer.create(CoreContainer.java:920)
	at org.apache.solr.core.CoreContainer.lambda$load$5(CoreContainer.java:558)
	at com.codahale.metrics.InstrumentedExecutorService$InstrumentedCallable.call(InstrumentedExecutorService.java:197)
	at java.util.concurrent.FutureTask.run(FutureTask.java:266)
	at org.apache.solr.common.util.ExecutorUtil$MDCAwareThreadPoolExecutor.lambda$execute$0(ExecutorUtil.java:229)
	at java.util.concurrent.ThreadPoolExecutor.runWorker(ThreadPoolExecutor.java:1142)
	at java.util.concurrent.ThreadPoolExecutor$Worker.run(ThreadPoolExecutor.java:617)
	at java.lang.Thread.run(Thread.java:748)
Caused by: java.net.UnknownHostException: DESKTOP-P6N6CRC: Name or service not known
	at java.net.Inet6AddressImpl.lookupAllHostAddr(Native Method)
	at java.net.InetAddress$2.lookupAllHostAddr(InetAddress.java:928)
	at java.net.InetAddress.getAddressesFromNameService(InetAddress.java:1323)
	at java.net.InetAddress.getLocalHost(InetAddress.java:1500)
	... 24 more
2017-08-03 22:55:20.207 INFO  (coreLoadExecutor-6-thread-1) [   x:default] o.a.s.u.UpdateHandler Using UpdateLog implementation: org.apache.solr.update.UpdateLog
2017-08-03 22:55:20.207 INFO  (coreLoadExecutor-6-thread-2) [   x:solrservices] o.a.s.u.UpdateHandler Using UpdateLog implementation: org.apache.solr.update.UpdateLog
2017-08-03 22:55:20.208 INFO  (coreLoadExecutor-6-thread-1) [   x:default] o.a.s.u.UpdateLog Initializing UpdateLog: dataDir= defaultSyncLevel=FLUSH numRecordsToKeep=100 maxNumLogsToKeep=10 numVersionBuckets=65536
2017-08-03 22:55:20.208 INFO  (coreLoadExecutor-6-thread-2) [   x:solrservices] o.a.s.u.UpdateLog Initializing UpdateLog: dataDir= defaultSyncLevel=FLUSH numRecordsToKeep=100 maxNumLogsToKeep=10 numVersionBuckets=65536
2017-08-03 22:55:20.226 INFO  (coreLoadExecutor-6-thread-1) [   x:default] o.a.s.u.CommitTracker Hard AutoCommit: if uncommited for 15000ms; 
2017-08-03 22:55:20.226 INFO  (coreLoadExecutor-6-thread-1) [   x:default] o.a.s.u.CommitTracker Soft AutoCommit: disabled
2017-08-03 22:55:20.226 INFO  (coreLoadExecutor-6-thread-2) [   x:solrservices] o.a.s.u.CommitTracker Hard AutoCommit: if uncommited for 15000ms; 
2017-08-03 22:55:20.226 INFO  (coreLoadExecutor-6-thread-2) [   x:solrservices] o.a.s.u.CommitTracker Soft AutoCommit: disabled
2017-08-03 22:55:20.307 INFO  (coreLoadExecutor-6-thread-1) [   x:default] o.a.s.s.SolrIndexSearcher Opening [Searcher@1c984c0c[default] main]
2017-08-03 22:55:20.323 INFO  (coreLoadExecutor-6-thread-1) [   x:default] o.a.s.r.ManagedResourceStorage File-based storage initialized to use dir: /mnt/c/Users/ryan.holt/Documents/workspace/SOLRservices/solr-6.6.0/server/solr/default/conf
2017-08-03 22:55:20.392 INFO  (coreLoadExecutor-6-thread-1) [   x:default] o.a.s.h.c.SpellCheckComponent Initializing spell checkers
2017-08-03 22:55:20.406 INFO  (coreLoadExecutor-6-thread-1) [   x:default] o.a.s.s.DirectSolrSpellChecker init: {name=default,field=_text_,classname=solr.DirectSolrSpellChecker,distanceMeasure=internal,accuracy=0.5,maxEdits=2,minPrefix=1,maxInspections=5,minQueryLength=4,maxQueryFrequency=0.01}
2017-08-03 22:55:20.411 INFO  (coreLoadExecutor-6-thread-1) [   x:default] o.a.s.h.c.QueryElevationComponent Loading QueryElevation from: /mnt/c/Users/ryan.holt/Documents/workspace/SOLRservices/solr-6.6.0/server/solr/default/conf/elevate.xml
2017-08-03 22:55:20.432 INFO  (coreLoadExecutor-6-thread-1) [   x:default] o.a.s.h.ReplicationHandler Commits will be reserved for  10000
2017-08-03 22:55:20.518 INFO  (coreLoadExecutor-6-thread-1) [   x:default] o.a.s.u.UpdateLog Could not find max version in index or recent updates, using new clock 1574752402033082368
2017-08-03 22:55:20.522 INFO  (searcherExecutor-7-thread-1-processing-x:default) [   x:default] o.a.s.c.QuerySenderListener QuerySenderListener sending requests to Searcher@1c984c0c[default] main{ExitableDirectoryReader(UninvertingDirectoryReader())}
2017-08-03 22:55:20.522 INFO  (searcherExecutor-7-thread-1-processing-x:default) [   x:default] o.a.s.c.QuerySenderListener QuerySenderListener done.
2017-08-03 22:55:20.522 INFO  (searcherExecutor-7-thread-1-processing-x:default) [   x:default] o.a.s.h.c.SpellCheckComponent Loading spell index for spellchecker: default
2017-08-03 22:55:20.540 INFO  (searcherExecutor-7-thread-1-processing-x:default) [   x:default] o.a.s.c.SolrCore [default] Registered new searcher Searcher@1c984c0c[default] main{ExitableDirectoryReader(UninvertingDirectoryReader())}
2017-08-03 22:55:20.556 INFO  (coreLoadExecutor-6-thread-2) [   x:solrservices] o.a.s.s.SolrIndexSearcher Opening [Searcher@757327d8[solrservices] main]
2017-08-03 22:55:20.556 INFO  (coreLoadExecutor-6-thread-2) [   x:solrservices] o.a.s.r.ManagedResourceStorage File-based storage initialized to use dir: /mnt/c/Users/ryan.holt/Documents/workspace/SOLRservices/solr-6.6.0/server/solr/solrservices/conf
2017-08-03 22:55:20.556 INFO  (coreLoadExecutor-6-thread-2) [   x:solrservices] o.a.s.h.c.SpellCheckComponent Initializing spell checkers
2017-08-03 22:55:20.556 INFO  (coreLoadExecutor-6-thread-2) [   x:solrservices] o.a.s.s.DirectSolrSpellChecker init: {name=default,field=_text_,classname=solr.DirectSolrSpellChecker,distanceMeasure=internal,accuracy=0.5,maxEdits=2,minPrefix=1,maxInspections=5,minQueryLength=4,maxQueryFrequency=0.01}
2017-08-03 22:55:20.556 INFO  (coreLoadExecutor-6-thread-2) [   x:solrservices] o.a.s.h.c.QueryElevationComponent Loading QueryElevation from: /mnt/c/Users/ryan.holt/Documents/workspace/SOLRservices/solr-6.6.0/server/solr/solrservices/conf/elevate.xml
2017-08-03 22:55:20.556 INFO  (coreLoadExecutor-6-thread-2) [   x:solrservices] o.a.s.h.ReplicationHandler Commits will be reserved for  10000
2017-08-03 22:55:20.556 INFO  (searcherExecutor-8-thread-1-processing-x:solrservices) [   x:solrservices] o.a.s.c.QuerySenderListener QuerySenderListener sending requests to Searcher@757327d8[solrservices] main{ExitableDirectoryReader(UninvertingDirectoryReader(Uninverting(_32b(6.6.0):C1) Uninverting(_32c(6.6.0):C500) Uninverting(_32d(6.6.0):C500) Uninverting(_32e(6.6.0):C500) Uninverting(_32f(6.6.0):C500) Uninverting(_32g(6.6.0):C500) Uninverting(_32h(6.6.0):C500) Uninverting(_32i(6.6.0):C500) Uninverting(_32j(6.6.0):C499)))}
2017-08-03 22:55:20.573 INFO  (searcherExecutor-8-thread-1-processing-x:solrservices) [   x:solrservices] o.a.s.c.QuerySenderListener QuerySenderListener done.
2017-08-03 22:55:20.573 INFO  (searcherExecutor-8-thread-1-processing-x:solrservices) [   x:solrservices] o.a.s.h.c.SpellCheckComponent Loading spell index for spellchecker: default
2017-08-03 22:55:20.575 INFO  (searcherExecutor-8-thread-1-processing-x:solrservices) [   x:solrservices] o.a.s.c.SolrCore [solrservices] Registered new searcher Searcher@757327d8[solrservices] main{ExitableDirectoryReader(UninvertingDirectoryReader(Uninverting(_32b(6.6.0):C1) Uninverting(_32c(6.6.0):C500) Uninverting(_32d(6.6.0):C500) Uninverting(_32e(6.6.0):C500) Uninverting(_32f(6.6.0):C500) Uninverting(_32g(6.6.0):C500) Uninverting(_32h(6.6.0):C500) Uninverting(_32i(6.6.0):C500) Uninverting(_32j(6.6.0):C499)))}
2017-08-03 22:55:33.096 INFO  (qtp1205044462-17) [   x:solrservices] o.a.s.u.DirectUpdateHandler2 start commit{,optimize=false,openSearcher=true,waitSearcher=true,expungeDeletes=false,softCommit=false,prepareCommit=false}
2017-08-03 22:55:33.097 INFO  (qtp1205044462-17) [   x:solrservices] o.a.s.u.DirectUpdateHandler2 No uncommitted changes. Skipping IW.commit.
2017-08-03 22:55:33.098 INFO  (qtp1205044462-17) [   x:solrservices] o.a.s.u.DirectUpdateHandler2 end_commit_flush
2017-08-03 22:55:33.098 INFO  (qtp1205044462-17) [   x:solrservices] o.a.s.u.p.LogUpdateProcessorFactory [solrservices]  webapp=/solr path=/update params={waitSearcher=true&commit=true&softCommit=false&wt=javabin&version=2}{commit=} 0 23
2017-08-03 22:55:33.141 INFO  (qtp1205044462-16) [   x:solrservices] o.a.s.c.S.Request [solrservices]  webapp=/solr path=/schema/fields params={qt=/schema/fields&wt=javabin&version=2} status=0 QTime=6
2017-08-03 22:55:33.239 INFO  (qtp1205044462-18) [   x:solrservices] o.a.s.c.S.Request [solrservices]  webapp=/solr path=/schema/fields params={qt=/schema/fields&wt=javabin&version=2} status=0 QTime=0
2017-08-03 22:55:34.358 INFO  (qtp1205044462-19) [   x:solrservices] o.a.s.c.S.Request [solrservices]  webapp=/solr path=/select params={facet.query=price:[0+TO+9.99]&facet.query=price:[10+TO+24.99]&facet.query=price:[25+TO+49.99]&facet.query=price:[50+TO+99.99]&facet.query=price:[100+TO+199.99]&facet.query=price:[200+TO+499.99]&facet.query=price:[500+TO+*]&q=*&facet.field=NYAA&facet.field=_root_&facet.field=_text_&facet.field=blah&facet.field=cat&facet.field=features&facet.field=inStock&facet.field=includes&facet.field=location&facet.field=manu&facet.field=name&facet.field=popularity&facet.field=price&facet.field=store&facet.field=token&facet.field=weight&start=0&sort=id+asc&fq=&rows=10&facet=true&wt=xml&version=2.2} hits=4000 status=0 QTime=369
2017-08-03 22:55:34.777 INFO  (qtp1205044462-20) [   x:solrservices] o.a.s.c.S.Request [solrservices]  webapp=/solr path=/schema/fields params={qt=/schema/fields&wt=javabin&version=2} status=0 QTime=0
2017-08-03 22:55:47.397 INFO  (qtp1205044462-21) [   x:solrservices] o.a.s.u.DirectUpdateHandler2 start commit{,optimize=false,openSearcher=true,waitSearcher=true,expungeDeletes=false,softCommit=false,prepareCommit=false}
2017-08-03 22:55:47.397 INFO  (qtp1205044462-21) [   x:solrservices] o.a.s.u.DirectUpdateHandler2 No uncommitted changes. Skipping IW.commit.
2017-08-03 22:55:47.397 INFO  (qtp1205044462-21) [   x:solrservices] o.a.s.u.DirectUpdateHandler2 end_commit_flush
2017-08-03 22:55:47.413 INFO  (qtp1205044462-21) [   x:solrservices] o.a.s.u.p.LogUpdateProcessorFactory [solrservices]  webapp=/solr path=/update params={waitSearcher=true&commit=true&softCommit=false&wt=javabin&version=2}{commit=} 0 10
2017-08-03 22:55:47.440 INFO  (qtp1205044462-14) [   x:solrservices] o.a.s.c.S.Request [solrservices]  webapp=/solr path=/schema/fields params={qt=/schema/fields&wt=javabin&version=2} status=0 QTime=0
2017-08-03 22:55:47.542 INFO  (qtp1205044462-16) [   x:solrservices] o.a.s.c.S.Request [solrservices]  webapp=/solr path=/schema/fields params={qt=/schema/fields&wt=javabin&version=2} status=0 QTime=0
2017-08-03 22:55:48.344 INFO  (qtp1205044462-17) [   x:solrservices] o.a.s.c.S.Request [solrservices]  webapp=/solr path=/select params={facet.query=price:[0+TO+9.99]&facet.query=price:[10+TO+24.99]&facet.query=price:[25+TO+49.99]&facet.query=price:[50+TO+99.99]&facet.query=price:[100+TO+199.99]&facet.query=price:[200+TO+499.99]&facet.query=price:[500+TO+*]&q=*&facet.field=NYAA&facet.field=_root_&facet.field=_text_&facet.field=blah&facet.field=cat&facet.field=features&facet.field=inStock&facet.field=includes&facet.field=location&facet.field=manu&facet.field=name&facet.field=popularity&facet.field=price&facet.field=store&facet.field=token&facet.field=weight&start=0&sort=id+asc&fq=&rows=10&facet=true&wt=xml&version=2.2} hits=4000 status=0 QTime=22
2017-08-03 22:55:48.738 INFO  (qtp1205044462-18) [   x:solrservices] o.a.s.c.S.Request [solrservices]  webapp=/solr path=/schema/fields params={qt=/schema/fields&wt=javabin&version=2} status=0 QTime=0
2017-08-03 22:55:56.748 INFO  (qtp1205044462-15) [   x:solrservices] o.a.s.u.DirectUpdateHandler2 start commit{,optimize=false,openSearcher=true,waitSearcher=true,expungeDeletes=false,softCommit=false,prepareCommit=false}
2017-08-03 22:55:56.748 INFO  (qtp1205044462-15) [   x:solrservices] o.a.s.u.DirectUpdateHandler2 No uncommitted changes. Skipping IW.commit.
2017-08-03 22:55:56.748 INFO  (qtp1205044462-15) [   x:solrservices] o.a.s.u.DirectUpdateHandler2 end_commit_flush
2017-08-03 22:55:56.748 INFO  (qtp1205044462-15) [   x:solrservices] o.a.s.u.p.LogUpdateProcessorFactory [solrservices]  webapp=/solr path=/update params={waitSearcher=true&commit=true&softCommit=false&wt=javabin&version=2}{commit=} 0 3
2017-08-03 22:55:56.810 INFO  (qtp1205044462-19) [   x:solrservices] o.a.s.c.S.Request [solrservices]  webapp=/solr path=/schema/fields params={qt=/schema/fields&wt=javabin&version=2} status=0 QTime=0
2017-08-03 22:55:56.894 INFO  (qtp1205044462-19) [   x:solrservices] o.a.s.c.S.Request [solrservices]  webapp=/solr path=/schema/fields params={qt=/schema/fields&wt=javabin&version=2} status=0 QTime=0
2017-08-03 22:55:57.690 INFO  (qtp1205044462-19) [   x:solrservices] o.a.s.c.S.Request [solrservices]  webapp=/solr path=/select params={facet.query=price:[0+TO+9.99]&facet.query=price:[10+TO+24.99]&facet.query=price:[25+TO+49.99]&facet.query=price:[50+TO+99.99]&facet.query=price:[100+TO+199.99]&facet.query=price:[200+TO+499.99]&facet.query=price:[500+TO+*]&q=*&facet.field=NYAA&facet.field=_root_&facet.field=_text_&facet.field=blah&facet.field=cat&facet.field=features&facet.field=inStock&facet.field=includes&facet.field=location&facet.field=manu&facet.field=name&facet.field=popularity&facet.field=price&facet.field=store&facet.field=token&facet.field=weight&start=0&sort=id+asc&fq=&rows=10&facet=true&wt=xml&version=2.2} hits=4000 status=0 QTime=32
2017-08-03 22:55:58.054 INFO  (qtp1205044462-20) [   x:solrservices] o.a.s.c.S.Request [solrservices]  webapp=/solr path=/schema/fields params={qt=/schema/fields&wt=javabin&version=2} status=0 QTime=0
2017-08-03 22:56:05.554 INFO  (qtp1205044462-20) [   x:solrservices] o.a.s.u.DirectUpdateHandler2 start commit{,optimize=false,openSearcher=true,waitSearcher=true,expungeDeletes=false,softCommit=false,prepareCommit=false}
2017-08-03 22:56:05.554 INFO  (qtp1205044462-20) [   x:solrservices] o.a.s.u.DirectUpdateHandler2 No uncommitted changes. Skipping IW.commit.
2017-08-03 22:56:05.556 INFO  (qtp1205044462-20) [   x:solrservices] o.a.s.u.DirectUpdateHandler2 end_commit_flush
2017-08-03 22:56:05.556 INFO  (qtp1205044462-20) [   x:solrservices] o.a.s.u.p.LogUpdateProcessorFactory [solrservices]  webapp=/solr path=/update params={waitSearcher=true&commit=true&softCommit=false&wt=javabin&version=2}{commit=} 0 3
2017-08-03 22:56:05.593 INFO  (qtp1205044462-16) [   x:solrservices] o.a.s.c.S.Request [solrservices]  webapp=/solr path=/schema/fields params={qt=/schema/fields&wt=javabin&version=2} status=0 QTime=0
2017-08-03 22:56:05.678 INFO  (qtp1205044462-17) [   x:solrservices] o.a.s.c.S.Request [solrservices]  webapp=/solr path=/schema/fields params={qt=/schema/fields&wt=javabin&version=2} status=0 QTime=0
2017-08-03 22:56:06.472 INFO  (qtp1205044462-19) [   x:solrservices] o.a.s.c.S.Request [solrservices]  webapp=/solr path=/select params={facet.query=price:[0+TO+9.99]&facet.query=price:[10+TO+24.99]&facet.query=price:[25+TO+49.99]&facet.query=price:[50+TO+99.99]&facet.query=price:[100+TO+199.99]&facet.query=price:[200+TO+499.99]&facet.query=price:[500+TO+*]&q=*&facet.field=NYAA&facet.field=_root_&facet.field=_text_&facet.field=blah&facet.field=cat&facet.field=features&facet.field=inStock&facet.field=includes&facet.field=location&facet.field=manu&facet.field=name&facet.field=popularity&facet.field=price&facet.field=store&facet.field=token&facet.field=weight&start=0&sort=id+asc&fq=&rows=10&facet=true&wt=xml&version=2.2} hits=4000 status=0 QTime=28
2017-08-03 22:56:06.857 INFO  (qtp1205044462-21) [   x:solrservices] o.a.s.c.S.Request [solrservices]  webapp=/solr path=/schema/fields params={qt=/schema/fields&wt=javabin&version=2} status=0 QTime=0
2017-08-03 22:56:14.432 INFO  (qtp1205044462-21) [   x:solrservices] o.a.s.u.DirectUpdateHandler2 start commit{,optimize=false,openSearcher=true,waitSearcher=true,expungeDeletes=false,softCommit=false,prepareCommit=false}
2017-08-03 22:56:14.433 INFO  (qtp1205044462-21) [   x:solrservices] o.a.s.u.DirectUpdateHandler2 No uncommitted changes. Skipping IW.commit.
2017-08-03 22:56:14.433 INFO  (qtp1205044462-21) [   x:solrservices] o.a.s.u.DirectUpdateHandler2 end_commit_flush
2017-08-03 22:56:14.434 INFO  (qtp1205044462-21) [   x:solrservices] o.a.s.u.p.LogUpdateProcessorFactory [solrservices]  webapp=/solr path=/update params={waitSearcher=true&commit=true&softCommit=false&wt=javabin&version=2}{commit=} 0 3
2017-08-03 22:56:14.489 INFO  (qtp1205044462-12) [   x:solrservices] o.a.s.c.S.Request [solrservices]  webapp=/solr path=/schema/fields params={qt=/schema/fields&wt=javabin&version=2} status=0 QTime=0
2017-08-03 22:56:14.566 INFO  (qtp1205044462-17) [   x:solrservices] o.a.s.c.S.Request [solrservices]  webapp=/solr path=/schema/fields params={qt=/schema/fields&wt=javabin&version=2} status=0 QTime=0
2017-08-03 22:56:15.309 INFO  (qtp1205044462-19) [   x:solrservices] o.a.s.c.S.Request [solrservices]  webapp=/solr path=/select params={facet.query=price:[0+TO+9.99]&facet.query=price:[10+TO+24.99]&facet.query=price:[25+TO+49.99]&facet.query=price:[50+TO+99.99]&facet.query=price:[100+TO+199.99]&facet.query=price:[200+TO+499.99]&facet.query=price:[500+TO+*]&q=*&facet.field=NYAA&facet.field=_root_&facet.field=_text_&facet.field=blah&facet.field=cat&facet.field=features&facet.field=inStock&facet.field=includes&facet.field=location&facet.field=manu&facet.field=name&facet.field=popularity&facet.field=price&facet.field=store&facet.field=token&facet.field=weight&start=0&sort=id+asc&fq=&rows=10&facet=true&wt=xml&version=2.2} hits=4000 status=0 QTime=11
2017-08-03 22:56:15.704 INFO  (qtp1205044462-18) [   x:solrservices] o.a.s.c.S.Request [solrservices]  webapp=/solr path=/schema/fields params={qt=/schema/fields&wt=javabin&version=2} status=0 QTime=1
2017-08-03 22:59:50.590 INFO  (qtp1205044462-20) [   x:solrservices] o.a.s.c.S.Request [solrservices]  webapp=/solr path=/admin/luke params={numTerms=0&show=index&wt=json&_=1501787446873} status=0 QTime=4
2017-08-03 22:59:50.605 INFO  (qtp1205044462-21) [   ] o.a.s.c.TransientSolrCoreCacheDefault Allocating transient cache for 2147483647 transient cores
2017-08-03 22:59:50.611 INFO  (qtp1205044462-21) [   ] o.a.s.s.HttpSolrCall [admin] webapp=null path=/admin/cores params={indexInfo=false&wt=json&_=1501787445186} status=0 QTime=11
2017-08-03 22:59:50.629 INFO  (qtp1205044462-16) [   x:solrservices] o.a.s.c.S.Request [solrservices]  webapp=/solr path=/admin/ping params={action=status&wt=json&_=1501787445188&ts=1501787445188} status=503 QTime=20
2017-08-03 22:59:50.781 INFO  (qtp1205044462-17) [   x:solrservices] o.a.s.c.S.Request [solrservices]  webapp=/solr path=/replication params={wt=json&command=details&_=1501787446873} status=0 QTime=170
2017-08-03 22:59:51.016 INFO  (qtp1205044462-14) [   ] o.a.s.s.HttpSolrCall [admin] webapp=null path=/admin/info/system params={wt=json&_=1501787445188} status=0 QTime=427
2017-08-03 22:59:51.125 INFO  (qtp1205044462-20) [   x:solrservices] o.a.s.c.S.Request [solrservices]  webapp=/solr path=/admin/system params={wt=json&_=1501787446873} status=0 QTime=538
2017-08-03 23:02:21.236 INFO  (qtp1205044462-19) [   x:solrservices] o.a.s.u.DirectUpdateHandler2 start commit{,optimize=false,openSearcher=true,waitSearcher=true,expungeDeletes=false,softCommit=false,prepareCommit=false}
2017-08-03 23:02:21.236 INFO  (qtp1205044462-19) [   x:solrservices] o.a.s.u.DirectUpdateHandler2 No uncommitted changes. Skipping IW.commit.
2017-08-03 23:02:21.236 INFO  (qtp1205044462-19) [   x:solrservices] o.a.s.u.DirectUpdateHandler2 end_commit_flush
2017-08-03 23:02:21.236 INFO  (qtp1205044462-19) [   x:solrservices] o.a.s.u.p.LogUpdateProcessorFactory [solrservices]  webapp=/solr path=/update params={waitSearcher=true&commit=true&softCommit=false&wt=javabin&version=2}{commit=} 0 3
2017-08-03 23:02:21.292 INFO  (qtp1205044462-15) [   x:solrservices] o.a.s.c.S.Request [solrservices]  webapp=/solr path=/schema/fields params={qt=/schema/fields&wt=javabin&version=2} status=0 QTime=0
2017-08-03 23:02:21.379 INFO  (qtp1205044462-15) [   x:solrservices] o.a.s.c.S.Request [solrservices]  webapp=/solr path=/schema/fields params={qt=/schema/fields&wt=javabin&version=2} status=0 QTime=0
2017-08-03 23:02:22.138 INFO  (qtp1205044462-17) [   x:solrservices] o.a.s.c.S.Request [solrservices]  webapp=/solr path=/select params={facet.query=price:[0+TO+9.99]&facet.query=price:[10+TO+24.99]&facet.query=price:[25+TO+49.99]&facet.query=price:[50+TO+99.99]&facet.query=price:[100+TO+199.99]&facet.query=price:[200+TO+499.99]&facet.query=price:[500+TO+*]&q=*&facet.field=NYAA&facet.field=_root_&facet.field=_text_&facet.field=blah&facet.field=cat&facet.field=features&facet.field=inStock&facet.field=includes&facet.field=location&facet.field=manu&facet.field=name&facet.field=popularity&facet.field=price&facet.field=store&facet.field=token&facet.field=weight&start=0&sort=id+asc&fq=&rows=10&facet=true&wt=xml&version=2.2} hits=4000 status=0 QTime=34
2017-08-03 23:02:22.549 INFO  (qtp1205044462-21) [   x:solrservices] o.a.s.c.S.Request [solrservices]  webapp=/solr path=/schema/fields params={qt=/schema/fields&wt=javabin&version=2} status=0 QTime=0
2017-08-03 23:02:28.737 INFO  (qtp1205044462-12) [   x:solrservices] o.a.s.c.S.Request [solrservices]  webapp=/solr path=/select params={facet.query=price:[0+TO+9.99]&facet.query=price:[10+TO+24.99]&facet.query=price:[25+TO+49.99]&facet.query=price:[50+TO+99.99]&facet.query=price:[100+TO+199.99]&facet.query=price:[200+TO+499.99]&facet.query=price:[500+TO+*]&q=*&facet.field=NYAA&facet.field=_root_&facet.field=_text_&facet.field=blah&facet.field=cat&facet.field=features&facet.field=inStock&facet.field=includes&facet.field=location&facet.field=manu&facet.field=name&facet.field=popularity&facet.field=price&facet.field=store&facet.field=token&facet.field=weight&start=0&sort=id+asc&fq=cat:cards&rows=10&facet=true&wt=xml&version=2.2} hits=4000 status=0 QTime=63
2017-08-03 23:07:25.284 ERROR (qtp1205044462-14) [   x:solrservices] o.a.s.h.RequestHandlerBase org.apache.solr.common.SolrException: sort param could not be parsed as a query, and is not a field that exists in the index: geodist()
	at org.apache.solr.search.SortSpecParsing.parseSortSpecImpl(SortSpecParsing.java:192)
	at org.apache.solr.search.SortSpecParsing.parseSortSpec(SortSpecParsing.java:60)
	at org.apache.solr.search.QParser.getSortSpec(QParser.java:285)
	at org.apache.solr.handler.component.QueryComponent.prepare(QueryComponent.java:188)
	at org.apache.solr.handler.component.SearchHandler.handleRequestBody(SearchHandler.java:270)
	at org.apache.solr.handler.RequestHandlerBase.handleRequest(RequestHandlerBase.java:173)
	at org.apache.solr.core.SolrCore.execute(SolrCore.java:2477)
	at org.apache.solr.servlet.HttpSolrCall.execute(HttpSolrCall.java:723)
	at org.apache.solr.servlet.HttpSolrCall.call(HttpSolrCall.java:529)
	at org.apache.solr.servlet.SolrDispatchFilter.doFilter(SolrDispatchFilter.java:361)
	at org.apache.solr.servlet.SolrDispatchFilter.doFilter(SolrDispatchFilter.java:305)
	at org.eclipse.jetty.servlet.ServletHandler$CachedChain.doFilter(ServletHandler.java:1691)
	at org.eclipse.jetty.servlet.ServletHandler.doHandle(ServletHandler.java:582)
	at org.eclipse.jetty.server.handler.ScopedHandler.handle(ScopedHandler.java:143)
	at org.eclipse.jetty.security.SecurityHandler.handle(SecurityHandler.java:548)
	at org.eclipse.jetty.server.session.SessionHandler.doHandle(SessionHandler.java:226)
	at org.eclipse.jetty.server.handler.ContextHandler.doHandle(ContextHandler.java:1180)
	at org.eclipse.jetty.servlet.ServletHandler.doScope(ServletHandler.java:512)
	at org.eclipse.jetty.server.session.SessionHandler.doScope(SessionHandler.java:185)
	at org.eclipse.jetty.server.handler.ContextHandler.doScope(ContextHandler.java:1112)
	at org.eclipse.jetty.server.handler.ScopedHandler.handle(ScopedHandler.java:141)
	at org.eclipse.jetty.server.handler.ContextHandlerCollection.handle(ContextHandlerCollection.java:213)
	at org.eclipse.jetty.server.handler.HandlerCollection.handle(HandlerCollection.java:119)
	at org.eclipse.jetty.server.handler.HandlerWrapper.handle(HandlerWrapper.java:134)
	at org.eclipse.jetty.rewrite.handler.RewriteHandler.handle(RewriteHandler.java:335)
	at org.eclipse.jetty.server.handler.HandlerWrapper.handle(HandlerWrapper.java:134)
	at org.eclipse.jetty.server.Server.handle(Server.java:534)
	at org.eclipse.jetty.server.HttpChannel.handle(HttpChannel.java:320)
	at org.eclipse.jetty.server.HttpConnection.onFillable(HttpConnection.java:251)
	at org.eclipse.jetty.io.AbstractConnection$ReadCallback.succeeded(AbstractConnection.java:273)
	at org.eclipse.jetty.io.FillInterest.fillable(FillInterest.java:95)
	at org.eclipse.jetty.io.SelectChannelEndPoint$2.run(SelectChannelEndPoint.java:93)
	at org.eclipse.jetty.util.thread.strategy.ExecuteProduceConsume.executeProduceConsume(ExecuteProduceConsume.java:303)
	at org.eclipse.jetty.util.thread.strategy.ExecuteProduceConsume.produceConsume(ExecuteProduceConsume.java:148)
	at org.eclipse.jetty.util.thread.strategy.ExecuteProduceConsume.run(ExecuteProduceConsume.java:136)
	at org.eclipse.jetty.util.thread.QueuedThreadPool.runJob(QueuedThreadPool.java:671)
	at org.eclipse.jetty.util.thread.QueuedThreadPool$2.run(QueuedThreadPool.java:589)
	at java.lang.Thread.run(Thread.java:748)
Caused by: org.apache.solr.common.SolrException: can not use FieldCache on multivalued field: store
	at org.apache.solr.schema.SchemaField.checkFieldCacheSource(SchemaField.java:187)
	at org.apache.solr.schema.StrField.getValueSource(StrField.java:89)
	at org.apache.solr.search.function.distance.GeoDistValueSourceParser.parseSfield(GeoDistValueSourceParser.java:186)
	at org.apache.solr.search.function.distance.GeoDistValueSourceParser.parse(GeoDistValueSourceParser.java:104)
	at org.apache.solr.search.FunctionQParser.parseValueSource(FunctionQParser.java:368)
	at org.apache.solr.search.FunctionQParser.parse(FunctionQParser.java:80)
	at org.apache.solr.search.QParser.getQuery(QParser.java:168)
	at org.apache.solr.search.SortSpecParsing.parseSortSpecImpl(SortSpecParsing.java:120)
	... 37 more

2017-08-03 23:07:25.284 INFO  (qtp1205044462-14) [   x:solrservices] o.a.s.c.S.Request [solrservices]  webapp=/solr path=/select params={facet.query=price:[0+TO+9.99]&facet.query=price:[10+TO+24.99]&facet.query=price:[25+TO+49.99]&facet.query=price:[50+TO+99.99]&facet.query=price:[100+TO+199.99]&facet.query=price:[200+TO+499.99]&facet.query=price:[500+TO+*]&q=*&facet.field=NYAA&facet.field=_root_&facet.field=_text_&facet.field=blah&facet.field=cat&facet.field=features&facet.field=inStock&facet.field=includes&facet.field=location&facet.field=manu&facet.field=name&facet.field=popularity&facet.field=price&facet.field=store&facet.field=token&facet.field=weight&pt=0.0,+0.0&start=0&sort=geodist()+asc&fq=cat:cards&rows=10&sfield=store&facet=true&wt=xml&version=2.2} status=400 QTime=7
2017-08-03 23:09:45.612 ERROR (qtp1205044462-19) [   x:solrservices] o.a.s.h.RequestHandlerBase org.apache.solr.common.SolrException: sort param could not be parsed as a query, and is not a field that exists in the index: geodist()
	at org.apache.solr.search.SortSpecParsing.parseSortSpecImpl(SortSpecParsing.java:192)
	at org.apache.solr.search.SortSpecParsing.parseSortSpec(SortSpecParsing.java:60)
	at org.apache.solr.search.QParser.getSortSpec(QParser.java:285)
	at org.apache.solr.handler.component.QueryComponent.prepare(QueryComponent.java:188)
	at org.apache.solr.handler.component.SearchHandler.handleRequestBody(SearchHandler.java:270)
	at org.apache.solr.handler.RequestHandlerBase.handleRequest(RequestHandlerBase.java:173)
	at org.apache.solr.core.SolrCore.execute(SolrCore.java:2477)
	at org.apache.solr.servlet.HttpSolrCall.execute(HttpSolrCall.java:723)
	at org.apache.solr.servlet.HttpSolrCall.call(HttpSolrCall.java:529)
	at org.apache.solr.servlet.SolrDispatchFilter.doFilter(SolrDispatchFilter.java:361)
	at org.apache.solr.servlet.SolrDispatchFilter.doFilter(SolrDispatchFilter.java:305)
	at org.eclipse.jetty.servlet.ServletHandler$CachedChain.doFilter(ServletHandler.java:1691)
	at org.eclipse.jetty.servlet.ServletHandler.doHandle(ServletHandler.java:582)
	at org.eclipse.jetty.server.handler.ScopedHandler.handle(ScopedHandler.java:143)
	at org.eclipse.jetty.security.SecurityHandler.handle(SecurityHandler.java:548)
	at org.eclipse.jetty.server.session.SessionHandler.doHandle(SessionHandler.java:226)
	at org.eclipse.jetty.server.handler.ContextHandler.doHandle(ContextHandler.java:1180)
	at org.eclipse.jetty.servlet.ServletHandler.doScope(ServletHandler.java:512)
	at org.eclipse.jetty.server.session.SessionHandler.doScope(SessionHandler.java:185)
	at org.eclipse.jetty.server.handler.ContextHandler.doScope(ContextHandler.java:1112)
	at org.eclipse.jetty.server.handler.ScopedHandler.handle(ScopedHandler.java:141)
	at org.eclipse.jetty.server.handler.ContextHandlerCollection.handle(ContextHandlerCollection.java:213)
	at org.eclipse.jetty.server.handler.HandlerCollection.handle(HandlerCollection.java:119)
	at org.eclipse.jetty.server.handler.HandlerWrapper.handle(HandlerWrapper.java:134)
	at org.eclipse.jetty.rewrite.handler.RewriteHandler.handle(RewriteHandler.java:335)
	at org.eclipse.jetty.server.handler.HandlerWrapper.handle(HandlerWrapper.java:134)
	at org.eclipse.jetty.server.Server.handle(Server.java:534)
	at org.eclipse.jetty.server.HttpChannel.handle(HttpChannel.java:320)
	at org.eclipse.jetty.server.HttpConnection.onFillable(HttpConnection.java:251)
	at org.eclipse.jetty.io.AbstractConnection$ReadCallback.succeeded(AbstractConnection.java:273)
	at org.eclipse.jetty.io.FillInterest.fillable(FillInterest.java:95)
	at org.eclipse.jetty.io.SelectChannelEndPoint$2.run(SelectChannelEndPoint.java:93)
	at org.eclipse.jetty.util.thread.strategy.ExecuteProduceConsume.executeProduceConsume(ExecuteProduceConsume.java:303)
	at org.eclipse.jetty.util.thread.strategy.ExecuteProduceConsume.produceConsume(ExecuteProduceConsume.java:148)
	at org.eclipse.jetty.util.thread.strategy.ExecuteProduceConsume.run(ExecuteProduceConsume.java:136)
	at org.eclipse.jetty.util.thread.QueuedThreadPool.runJob(QueuedThreadPool.java:671)
	at org.eclipse.jetty.util.thread.QueuedThreadPool$2.run(QueuedThreadPool.java:589)
	at java.lang.Thread.run(Thread.java:748)
Caused by: org.apache.solr.common.SolrException: can not use FieldCache on multivalued field: store
	at org.apache.solr.schema.SchemaField.checkFieldCacheSource(SchemaField.java:187)
	at org.apache.solr.schema.StrField.getValueSource(StrField.java:89)
	at org.apache.solr.search.function.distance.GeoDistValueSourceParser.parseSfield(GeoDistValueSourceParser.java:186)
	at org.apache.solr.search.function.distance.GeoDistValueSourceParser.parse(GeoDistValueSourceParser.java:104)
	at org.apache.solr.search.FunctionQParser.parseValueSource(FunctionQParser.java:368)
	at org.apache.solr.search.FunctionQParser.parse(FunctionQParser.java:80)
	at org.apache.solr.search.QParser.getQuery(QParser.java:168)
	at org.apache.solr.search.SortSpecParsing.parseSortSpecImpl(SortSpecParsing.java:120)
	... 37 more

2017-08-03 23:09:45.612 INFO  (qtp1205044462-19) [   x:solrservices] o.a.s.c.S.Request [solrservices]  webapp=/solr path=/select params={facet.query=price:[0+TO+9.99]&facet.query=price:[10+TO+24.99]&facet.query=price:[25+TO+49.99]&facet.query=price:[50+TO+99.99]&facet.query=price:[100+TO+199.99]&facet.query=price:[200+TO+499.99]&facet.query=price:[500+TO+*]&q=*&facet.field=NYAA&facet.field=_root_&facet.field=_text_&facet.field=blah&facet.field=cat&facet.field=features&facet.field=inStock&facet.field=includes&facet.field=location&facet.field=manu&facet.field=name&facet.field=popularity&facet.field=price&facet.field=store&facet.field=token&facet.field=weight&pt=0.0,+0.0&start=0&sort=geodist()+asc&fq=&rows=10&sfield=store&facet=true&wt=xml&version=2.2} status=400 QTime=8
2017-08-03 23:09:45.827 ERROR (qtp1205044462-18) [   x:solrservices] o.a.s.h.RequestHandlerBase org.apache.solr.common.SolrException: sort param could not be parsed as a query, and is not a field that exists in the index: geodist()
	at org.apache.solr.search.SortSpecParsing.parseSortSpecImpl(SortSpecParsing.java:192)
	at org.apache.solr.search.SortSpecParsing.parseSortSpec(SortSpecParsing.java:60)
	at org.apache.solr.search.QParser.getSortSpec(QParser.java:285)
	at org.apache.solr.handler.component.QueryComponent.prepare(QueryComponent.java:188)
	at org.apache.solr.handler.component.SearchHandler.handleRequestBody(SearchHandler.java:270)
	at org.apache.solr.handler.RequestHandlerBase.handleRequest(RequestHandlerBase.java:173)
	at org.apache.solr.core.SolrCore.execute(SolrCore.java:2477)
	at org.apache.solr.servlet.HttpSolrCall.execute(HttpSolrCall.java:723)
	at org.apache.solr.servlet.HttpSolrCall.call(HttpSolrCall.java:529)
	at org.apache.solr.servlet.SolrDispatchFilter.doFilter(SolrDispatchFilter.java:361)
	at org.apache.solr.servlet.SolrDispatchFilter.doFilter(SolrDispatchFilter.java:305)
	at org.eclipse.jetty.servlet.ServletHandler$CachedChain.doFilter(ServletHandler.java:1691)
	at org.eclipse.jetty.servlet.ServletHandler.doHandle(ServletHandler.java:582)
	at org.eclipse.jetty.server.handler.ScopedHandler.handle(ScopedHandler.java:143)
	at org.eclipse.jetty.security.SecurityHandler.handle(SecurityHandler.java:548)
	at org.eclipse.jetty.server.session.SessionHandler.doHandle(SessionHandler.java:226)
	at org.eclipse.jetty.server.handler.ContextHandler.doHandle(ContextHandler.java:1180)
	at org.eclipse.jetty.servlet.ServletHandler.doScope(ServletHandler.java:512)
	at org.eclipse.jetty.server.session.SessionHandler.doScope(SessionHandler.java:185)
	at org.eclipse.jetty.server.handler.ContextHandler.doScope(ContextHandler.java:1112)
	at org.eclipse.jetty.server.handler.ScopedHandler.handle(ScopedHandler.java:141)
	at org.eclipse.jetty.server.handler.ContextHandlerCollection.handle(ContextHandlerCollection.java:213)
	at org.eclipse.jetty.server.handler.HandlerCollection.handle(HandlerCollection.java:119)
	at org.eclipse.jetty.server.handler.HandlerWrapper.handle(HandlerWrapper.java:134)
	at org.eclipse.jetty.rewrite.handler.RewriteHandler.handle(RewriteHandler.java:335)
	at org.eclipse.jetty.server.handler.HandlerWrapper.handle(HandlerWrapper.java:134)
	at org.eclipse.jetty.server.Server.handle(Server.java:534)
	at org.eclipse.jetty.server.HttpChannel.handle(HttpChannel.java:320)
	at org.eclipse.jetty.server.HttpConnection.onFillable(HttpConnection.java:251)
	at org.eclipse.jetty.io.AbstractConnection$ReadCallback.succeeded(AbstractConnection.java:273)
	at org.eclipse.jetty.io.FillInterest.fillable(FillInterest.java:95)
	at org.eclipse.jetty.io.SelectChannelEndPoint$2.run(SelectChannelEndPoint.java:93)
	at org.eclipse.jetty.util.thread.strategy.ExecuteProduceConsume.executeProduceConsume(ExecuteProduceConsume.java:303)
	at org.eclipse.jetty.util.thread.strategy.ExecuteProduceConsume.produceConsume(ExecuteProduceConsume.java:148)
	at org.eclipse.jetty.util.thread.strategy.ExecuteProduceConsume.run(ExecuteProduceConsume.java:136)
	at org.eclipse.jetty.util.thread.QueuedThreadPool.runJob(QueuedThreadPool.java:671)
	at org.eclipse.jetty.util.thread.QueuedThreadPool$2.run(QueuedThreadPool.java:589)
	at java.lang.Thread.run(Thread.java:748)
Caused by: org.apache.solr.common.SolrException: can not use FieldCache on multivalued field: store
	at org.apache.solr.schema.SchemaField.checkFieldCacheSource(SchemaField.java:187)
	at org.apache.solr.schema.StrField.getValueSource(StrField.java:89)
	at org.apache.solr.search.function.distance.GeoDistValueSourceParser.parseSfield(GeoDistValueSourceParser.java:186)
	at org.apache.solr.search.function.distance.GeoDistValueSourceParser.parse(GeoDistValueSourceParser.java:104)
	at org.apache.solr.search.FunctionQParser.parseValueSource(FunctionQParser.java:368)
	at org.apache.solr.search.FunctionQParser.parse(FunctionQParser.java:80)
	at org.apache.solr.search.QParser.getQuery(QParser.java:168)
	at org.apache.solr.search.SortSpecParsing.parseSortSpecImpl(SortSpecParsing.java:120)
	... 37 more

2017-08-03 23:09:45.828 INFO  (qtp1205044462-18) [   x:solrservices] o.a.s.c.S.Request [solrservices]  webapp=/solr path=/select params={facet.query=price:[0+TO+9.99]&facet.query=price:[10+TO+24.99]&facet.query=price:[25+TO+49.99]&facet.query=price:[50+TO+99.99]&facet.query=price:[100+TO+199.99]&facet.query=price:[200+TO+499.99]&facet.query=price:[500+TO+*]&q=*&facet.field=NYAA&facet.field=_root_&facet.field=_text_&facet.field=blah&facet.field=cat&facet.field=features&facet.field=inStock&facet.field=includes&facet.field=location&facet.field=manu&facet.field=name&facet.field=popularity&facet.field=price&facet.field=store&facet.field=token&facet.field=weight&pt=0.0,+0.0&start=0&sort=geodist()+asc&fq=&rows=10&sfield=store&facet=true&wt=xml&version=2.2} status=400 QTime=4
2017-08-03 23:09:45.953 ERROR (qtp1205044462-20) [   x:solrservices] o.a.s.h.RequestHandlerBase org.apache.solr.common.SolrException: sort param could not be parsed as a query, and is not a field that exists in the index: geodist()
	at org.apache.solr.search.SortSpecParsing.parseSortSpecImpl(SortSpecParsing.java:192)
	at org.apache.solr.search.SortSpecParsing.parseSortSpec(SortSpecParsing.java:60)
	at org.apache.solr.search.QParser.getSortSpec(QParser.java:285)
	at org.apache.solr.handler.component.QueryComponent.prepare(QueryComponent.java:188)
	at org.apache.solr.handler.component.SearchHandler.handleRequestBody(SearchHandler.java:270)
	at org.apache.solr.handler.RequestHandlerBase.handleRequest(RequestHandlerBase.java:173)
	at org.apache.solr.core.SolrCore.execute(SolrCore.java:2477)
	at org.apache.solr.servlet.HttpSolrCall.execute(HttpSolrCall.java:723)
	at org.apache.solr.servlet.HttpSolrCall.call(HttpSolrCall.java:529)
	at org.apache.solr.servlet.SolrDispatchFilter.doFilter(SolrDispatchFilter.java:361)
	at org.apache.solr.servlet.SolrDispatchFilter.doFilter(SolrDispatchFilter.java:305)
	at org.eclipse.jetty.servlet.ServletHandler$CachedChain.doFilter(ServletHandler.java:1691)
	at org.eclipse.jetty.servlet.ServletHandler.doHandle(ServletHandler.java:582)
	at org.eclipse.jetty.server.handler.ScopedHandler.handle(ScopedHandler.java:143)
	at org.eclipse.jetty.security.SecurityHandler.handle(SecurityHandler.java:548)
	at org.eclipse.jetty.server.session.SessionHandler.doHandle(SessionHandler.java:226)
	at org.eclipse.jetty.server.handler.ContextHandler.doHandle(ContextHandler.java:1180)
	at org.eclipse.jetty.servlet.ServletHandler.doScope(ServletHandler.java:512)
	at org.eclipse.jetty.server.session.SessionHandler.doScope(SessionHandler.java:185)
	at org.eclipse.jetty.server.handler.ContextHandler.doScope(ContextHandler.java:1112)
	at org.eclipse.jetty.server.handler.ScopedHandler.handle(ScopedHandler.java:141)
	at org.eclipse.jetty.server.handler.ContextHandlerCollection.handle(ContextHandlerCollection.java:213)
	at org.eclipse.jetty.server.handler.HandlerCollection.handle(HandlerCollection.java:119)
	at org.eclipse.jetty.server.handler.HandlerWrapper.handle(HandlerWrapper.java:134)
	at org.eclipse.jetty.rewrite.handler.RewriteHandler.handle(RewriteHandler.java:335)
	at org.eclipse.jetty.server.handler.HandlerWrapper.handle(HandlerWrapper.java:134)
	at org.eclipse.jetty.server.Server.handle(Server.java:534)
	at org.eclipse.jetty.server.HttpChannel.handle(HttpChannel.java:320)
	at org.eclipse.jetty.server.HttpConnection.onFillable(HttpConnection.java:251)
	at org.eclipse.jetty.io.AbstractConnection$ReadCallback.succeeded(AbstractConnection.java:273)
	at org.eclipse.jetty.io.FillInterest.fillable(FillInterest.java:95)
	at org.eclipse.jetty.io.SelectChannelEndPoint$2.run(SelectChannelEndPoint.java:93)
	at org.eclipse.jetty.util.thread.strategy.ExecuteProduceConsume.executeProduceConsume(ExecuteProduceConsume.java:303)
	at org.eclipse.jetty.util.thread.strategy.ExecuteProduceConsume.produceConsume(ExecuteProduceConsume.java:148)
	at org.eclipse.jetty.util.thread.strategy.ExecuteProduceConsume.run(ExecuteProduceConsume.java:136)
	at org.eclipse.jetty.util.thread.QueuedThreadPool.runJob(QueuedThreadPool.java:671)
	at org.eclipse.jetty.util.thread.QueuedThreadPool$2.run(QueuedThreadPool.java:589)
	at java.lang.Thread.run(Thread.java:748)
Caused by: org.apache.solr.common.SolrException: can not use FieldCache on multivalued field: store
	at org.apache.solr.schema.SchemaField.checkFieldCacheSource(SchemaField.java:187)
	at org.apache.solr.schema.StrField.getValueSource(StrField.java:89)
	at org.apache.solr.search.function.distance.GeoDistValueSourceParser.parseSfield(GeoDistValueSourceParser.java:186)
	at org.apache.solr.search.function.distance.GeoDistValueSourceParser.parse(GeoDistValueSourceParser.java:104)
	at org.apache.solr.search.FunctionQParser.parseValueSource(FunctionQParser.java:368)
	at org.apache.solr.search.FunctionQParser.parse(FunctionQParser.java:80)
	at org.apache.solr.search.QParser.getQuery(QParser.java:168)
	at org.apache.solr.search.SortSpecParsing.parseSortSpecImpl(SortSpecParsing.java:120)
	... 37 more

2017-08-03 23:09:45.953 INFO  (qtp1205044462-20) [   x:solrservices] o.a.s.c.S.Request [solrservices]  webapp=/solr path=/select params={facet.query=price:[0+TO+9.99]&facet.query=price:[10+TO+24.99]&facet.query=price:[25+TO+49.99]&facet.query=price:[50+TO+99.99]&facet.query=price:[100+TO+199.99]&facet.query=price:[200+TO+499.99]&facet.query=price:[500+TO+*]&q=*&facet.field=NYAA&facet.field=_root_&facet.field=_text_&facet.field=blah&facet.field=cat&facet.field=features&facet.field=inStock&facet.field=includes&facet.field=location&facet.field=manu&facet.field=name&facet.field=popularity&facet.field=price&facet.field=store&facet.field=token&facet.field=weight&pt=0.0,+0.0&start=0&sort=geodist()+asc&fq=&rows=10&sfield=store&facet=true&wt=xml&version=2.2} status=400 QTime=6
2017-08-03 23:18:51.144 INFO  (qtp1205044462-16) [   x:solrservices] o.a.s.u.DirectUpdateHandler2 start commit{,optimize=false,openSearcher=true,waitSearcher=true,expungeDeletes=false,softCommit=false,prepareCommit=false}
2017-08-03 23:18:51.144 INFO  (qtp1205044462-16) [   x:solrservices] o.a.s.u.DirectUpdateHandler2 No uncommitted changes. Skipping IW.commit.
2017-08-03 23:18:51.144 INFO  (qtp1205044462-16) [   x:solrservices] o.a.s.u.DirectUpdateHandler2 end_commit_flush
2017-08-03 23:18:51.144 INFO  (qtp1205044462-16) [   x:solrservices] o.a.s.u.p.LogUpdateProcessorFactory [solrservices]  webapp=/solr path=/update params={waitSearcher=true&commit=true&softCommit=false&wt=javabin&version=2}{commit=} 0 3
2017-08-03 23:18:51.195 INFO  (qtp1205044462-17) [   x:solrservices] o.a.s.c.S.Request [solrservices]  webapp=/solr path=/schema/fields params={qt=/schema/fields&wt=javabin&version=2} status=0 QTime=0
2017-08-03 23:18:51.291 INFO  (qtp1205044462-15) [   x:solrservices] o.a.s.c.S.Request [solrservices]  webapp=/solr path=/schema/fields params={qt=/schema/fields&wt=javabin&version=2} status=0 QTime=0
2017-08-03 23:19:27.971 INFO  (qtp1205044462-14) [   x:solrservices] o.a.s.u.DirectUpdateHandler2 start commit{,optimize=false,openSearcher=true,waitSearcher=true,expungeDeletes=false,softCommit=false,prepareCommit=false}
2017-08-03 23:19:27.971 INFO  (qtp1205044462-14) [   x:solrservices] o.a.s.u.DirectUpdateHandler2 No uncommitted changes. Skipping IW.commit.
2017-08-03 23:19:27.973 INFO  (qtp1205044462-14) [   x:solrservices] o.a.s.u.DirectUpdateHandler2 end_commit_flush
2017-08-03 23:19:27.973 INFO  (qtp1205044462-14) [   x:solrservices] o.a.s.u.p.LogUpdateProcessorFactory [solrservices]  webapp=/solr path=/update params={waitSearcher=true&commit=true&softCommit=false&wt=javabin&version=2}{commit=} 0 3
2017-08-03 23:19:28.010 INFO  (qtp1205044462-12) [   x:solrservices] o.a.s.c.S.Request [solrservices]  webapp=/solr path=/schema/fields params={qt=/schema/fields&wt=javabin&version=2} status=0 QTime=0
2017-08-03 23:19:28.114 INFO  (qtp1205044462-16) [   x:solrservices] o.a.s.c.S.Request [solrservices]  webapp=/solr path=/schema/fields params={qt=/schema/fields&wt=javabin&version=2} status=0 QTime=0
2017-08-03 23:20:26.833 INFO  (qtp1205044462-20) [   x:solrservices] o.a.s.u.DirectUpdateHandler2 start commit{,optimize=false,openSearcher=true,waitSearcher=true,expungeDeletes=false,softCommit=false,prepareCommit=false}
2017-08-03 23:20:26.833 INFO  (qtp1205044462-20) [   x:solrservices] o.a.s.u.DirectUpdateHandler2 No uncommitted changes. Skipping IW.commit.
2017-08-03 23:20:26.833 INFO  (qtp1205044462-20) [   x:solrservices] o.a.s.u.DirectUpdateHandler2 end_commit_flush
2017-08-03 23:20:26.833 INFO  (qtp1205044462-20) [   x:solrservices] o.a.s.u.p.LogUpdateProcessorFactory [solrservices]  webapp=/solr path=/update params={waitSearcher=true&commit=true&softCommit=false&wt=javabin&version=2}{commit=} 0 6
2017-08-03 23:20:26.885 INFO  (qtp1205044462-19) [   x:solrservices] o.a.s.c.S.Request [solrservices]  webapp=/solr path=/schema/fields params={qt=/schema/fields&wt=javabin&version=2} status=0 QTime=0
2017-08-03 23:20:26.953 INFO  (qtp1205044462-12) [   x:solrservices] o.a.s.c.S.Request [solrservices]  webapp=/solr path=/schema/fields params={qt=/schema/fields&wt=javabin&version=2} status=0 QTime=0
2017-08-03 23:21:03.211 INFO  (qtp1205044462-17) [   x:solrservices] o.a.s.u.DirectUpdateHandler2 start commit{,optimize=false,openSearcher=true,waitSearcher=true,expungeDeletes=false,softCommit=false,prepareCommit=false}
2017-08-03 23:21:03.211 INFO  (qtp1205044462-17) [   x:solrservices] o.a.s.u.DirectUpdateHandler2 No uncommitted changes. Skipping IW.commit.
2017-08-03 23:21:03.211 INFO  (qtp1205044462-17) [   x:solrservices] o.a.s.u.DirectUpdateHandler2 end_commit_flush
2017-08-03 23:21:03.211 INFO  (qtp1205044462-17) [   x:solrservices] o.a.s.u.p.LogUpdateProcessorFactory [solrservices]  webapp=/solr path=/update params={waitSearcher=true&commit=true&softCommit=false&wt=javabin&version=2}{commit=} 0 5
2017-08-03 23:21:03.262 INFO  (qtp1205044462-18) [   x:solrservices] o.a.s.c.S.Request [solrservices]  webapp=/solr path=/schema/fields params={qt=/schema/fields&wt=javabin&version=2} status=0 QTime=0
2017-08-03 23:21:03.325 INFO  (qtp1205044462-20) [   x:solrservices] o.a.s.c.S.Request [solrservices]  webapp=/solr path=/schema/fields params={qt=/schema/fields&wt=javabin&version=2} status=0 QTime=0
2017-08-03 23:21:04.130 INFO  (qtp1205044462-15) [   x:solrservices] o.a.s.c.S.Request [solrservices]  webapp=/solr path=/select params={facet.query=price:[0+TO+9.99]&facet.query=price:[10+TO+24.99]&facet.query=price:[25+TO+49.99]&facet.query=price:[50+TO+99.99]&facet.query=price:[100+TO+199.99]&facet.query=price:[200+TO+499.99]&facet.query=price:[500+TO+*]&q=*&facet.field=NYAA&facet.field=_root_&facet.field=_text_&facet.field=blah&facet.field=cat&facet.field=features&facet.field=inStock&facet.field=includes&facet.field=location&facet.field=manu&facet.field=name&facet.field=popularity&facet.field=price&facet.field=store&facet.field=token&facet.field=weight&start=0&sort=id+asc&fq=&rows=10&facet=true&wt=xml&version=2.2} hits=4000 status=0 QTime=17
2017-08-03 23:21:04.519 INFO  (qtp1205044462-21) [   x:solrservices] o.a.s.c.S.Request [solrservices]  webapp=/solr path=/schema/fields params={qt=/schema/fields&wt=javabin&version=2} status=0 QTime=0
2017-08-03 23:30:57.193 INFO  (qtp1205044462-14) [   x:solrservices] o.a.s.u.DirectUpdateHandler2 start commit{,optimize=false,openSearcher=true,waitSearcher=true,expungeDeletes=false,softCommit=false,prepareCommit=false}
2017-08-03 23:30:57.193 INFO  (qtp1205044462-14) [   x:solrservices] o.a.s.u.DirectUpdateHandler2 No uncommitted changes. Skipping IW.commit.
2017-08-03 23:30:57.193 INFO  (qtp1205044462-14) [   x:solrservices] o.a.s.u.DirectUpdateHandler2 end_commit_flush
2017-08-03 23:30:57.193 INFO  (qtp1205044462-14) [   x:solrservices] o.a.s.u.p.LogUpdateProcessorFactory [solrservices]  webapp=/solr path=/update params={waitSearcher=true&commit=true&softCommit=false&wt=javabin&version=2}{commit=} 0 5
2017-08-03 23:30:57.244 INFO  (qtp1205044462-19) [   x:solrservices] o.a.s.c.S.Request [solrservices]  webapp=/solr path=/schema/fields params={qt=/schema/fields&wt=javabin&version=2} status=0 QTime=1
2017-08-03 23:30:57.317 INFO  (qtp1205044462-18) [   x:solrservices] o.a.s.c.S.Request [solrservices]  webapp=/solr path=/schema/fields params={qt=/schema/fields&wt=javabin&version=2} status=0 QTime=0
2017-08-03 23:30:58.022 INFO  (qtp1205044462-20) [   x:solrservices] o.a.s.c.S.Request [solrservices]  webapp=/solr path=/select params={facet.query=price:[0+TO+9.99]&facet.query=price:[10+TO+24.99]&facet.query=price:[25+TO+49.99]&facet.query=price:[50+TO+99.99]&facet.query=price:[100+TO+199.99]&facet.query=price:[200+TO+499.99]&facet.query=price:[500+TO+*]&q=*&facet.field=NYAA&facet.field=_root_&facet.field=_text_&facet.field=blah&facet.field=cat&facet.field=features&facet.field=inStock&facet.field=includes&facet.field=location&facet.field=manu&facet.field=name&facet.field=popularity&facet.field=price&facet.field=store&facet.field=token&facet.field=weight&start=0&sort=id+asc&fq=&rows=10&facet=true&wt=xml&version=2.2} hits=4000 status=0 QTime=7
2017-08-03 23:30:58.356 INFO  (qtp1205044462-21) [   x:solrservices] o.a.s.c.S.Request [solrservices]  webapp=/solr path=/schema/fields params={qt=/schema/fields&wt=javabin&version=2} status=0 QTime=0
2017-08-03 23:49:08.319 INFO  (qtp1205044462-12) [   x:solrservices] o.a.s.u.DirectUpdateHandler2 start commit{,optimize=false,openSearcher=true,waitSearcher=true,expungeDeletes=false,softCommit=false,prepareCommit=false}
2017-08-03 23:49:08.320 INFO  (qtp1205044462-12) [   x:solrservices] o.a.s.u.DirectUpdateHandler2 No uncommitted changes. Skipping IW.commit.
2017-08-03 23:49:08.326 INFO  (qtp1205044462-12) [   x:solrservices] o.a.s.u.DirectUpdateHandler2 end_commit_flush
2017-08-03 23:49:08.327 INFO  (qtp1205044462-12) [   x:solrservices] o.a.s.u.p.LogUpdateProcessorFactory [solrservices]  webapp=/solr path=/update params={waitSearcher=true&commit=true&softCommit=false&wt=javabin&version=2}{commit=} 0 8
2017-08-03 23:49:08.367 INFO  (qtp1205044462-16) [   x:solrservices] o.a.s.c.S.Request [solrservices]  webapp=/solr path=/schema/fields params={qt=/schema/fields&wt=javabin&version=2} status=0 QTime=0
2017-08-03 23:49:08.437 INFO  (qtp1205044462-19) [   x:solrservices] o.a.s.c.S.Request [solrservices]  webapp=/solr path=/schema/fields params={qt=/schema/fields&wt=javabin&version=2} status=0 QTime=0
2017-08-03 23:49:33.688 INFO  (qtp1205044462-17) [   x:solrservices] o.a.s.u.DirectUpdateHandler2 start commit{,optimize=false,openSearcher=true,waitSearcher=true,expungeDeletes=false,softCommit=false,prepareCommit=false}
2017-08-03 23:49:33.688 INFO  (qtp1205044462-17) [   x:solrservices] o.a.s.u.DirectUpdateHandler2 No uncommitted changes. Skipping IW.commit.
2017-08-03 23:49:33.688 INFO  (qtp1205044462-17) [   x:solrservices] o.a.s.u.DirectUpdateHandler2 end_commit_flush
2017-08-03 23:49:33.688 INFO  (qtp1205044462-17) [   x:solrservices] o.a.s.u.p.LogUpdateProcessorFactory [solrservices]  webapp=/solr path=/update params={waitSearcher=true&commit=true&softCommit=false&wt=javabin&version=2}{commit=} 0 2
2017-08-03 23:49:33.726 INFO  (qtp1205044462-21) [   x:solrservices] o.a.s.c.S.Request [solrservices]  webapp=/solr path=/schema/fields params={qt=/schema/fields&wt=javabin&version=2} status=0 QTime=0
2017-08-03 23:49:33.822 INFO  (qtp1205044462-12) [   x:solrservices] o.a.s.c.S.Request [solrservices]  webapp=/solr path=/schema/fields params={qt=/schema/fields&wt=javabin&version=2} status=0 QTime=0
2017-08-03 23:49:34.517 INFO  (qtp1205044462-16) [   x:solrservices] o.a.s.c.S.Request [solrservices]  webapp=/solr path=/select params={facet.query=price:[0+TO+9.99]&facet.query=price:[10+TO+24.99]&facet.query=price:[25+TO+49.99]&facet.query=price:[50+TO+99.99]&facet.query=price:[100+TO+199.99]&facet.query=price:[200+TO+499.99]&facet.query=price:[500+TO+*]&q=*&facet.field=NYAA&facet.field=_root_&facet.field=_text_&facet.field=blah&facet.field=cat&facet.field=features&facet.field=inStock&facet.field=includes&facet.field=location&facet.field=manu&facet.field=name&facet.field=popularity&facet.field=price&facet.field=store&facet.field=token&facet.field=weight&start=0&sort=id+asc&fq=&rows=10&facet=true&wt=xml&version=2.2} hits=4000 status=0 QTime=6
2017-08-03 23:49:34.899 INFO  (qtp1205044462-14) [   x:solrservices] o.a.s.c.S.Request [solrservices]  webapp=/solr path=/schema/fields params={qt=/schema/fields&wt=javabin&version=2} status=0 QTime=0
2017-08-03 23:50:10.757 INFO  (qtp1205044462-17) [   x:solrservices] o.a.s.u.DirectUpdateHandler2 start commit{,optimize=false,openSearcher=true,waitSearcher=true,expungeDeletes=false,softCommit=false,prepareCommit=false}
2017-08-03 23:50:10.757 INFO  (qtp1205044462-17) [   x:solrservices] o.a.s.u.DirectUpdateHandler2 No uncommitted changes. Skipping IW.commit.
2017-08-03 23:50:10.757 INFO  (qtp1205044462-17) [   x:solrservices] o.a.s.u.DirectUpdateHandler2 end_commit_flush
2017-08-03 23:50:10.757 INFO  (qtp1205044462-17) [   x:solrservices] o.a.s.u.p.LogUpdateProcessorFactory [solrservices]  webapp=/solr path=/update params={waitSearcher=true&commit=true&softCommit=false&wt=javabin&version=2}{commit=} 0 5
2017-08-03 23:50:10.809 INFO  (qtp1205044462-21) [   x:solrservices] o.a.s.c.S.Request [solrservices]  webapp=/solr path=/schema/fields params={qt=/schema/fields&wt=javabin&version=2} status=0 QTime=0
2017-08-03 23:50:10.875 INFO  (qtp1205044462-12) [   x:solrservices] o.a.s.c.S.Request [solrservices]  webapp=/solr path=/schema/fields params={qt=/schema/fields&wt=javabin&version=2} status=0 QTime=0
2017-08-03 23:50:11.541 INFO  (qtp1205044462-16) [   x:solrservices] o.a.s.c.S.Request [solrservices]  webapp=/solr path=/select params={facet.query=price:[0+TO+9.99]&facet.query=price:[10+TO+24.99]&facet.query=price:[25+TO+49.99]&facet.query=price:[50+TO+99.99]&facet.query=price:[100+TO+199.99]&facet.query=price:[200+TO+499.99]&facet.query=price:[500+TO+*]&q=*&facet.field=NYAA&facet.field=_root_&facet.field=_text_&facet.field=blah&facet.field=cat&facet.field=features&facet.field=inStock&facet.field=includes&facet.field=location&facet.field=manu&facet.field=name&facet.field=popularity&facet.field=price&facet.field=store&facet.field=token&facet.field=weight&start=0&sort=id+asc&fq=&rows=10&facet=true&wt=xml&version=2.2} hits=4000 status=0 QTime=5
2017-08-03 23:50:11.865 INFO  (qtp1205044462-20) [   x:solrservices] o.a.s.c.S.Request [solrservices]  webapp=/solr path=/schema/fields params={qt=/schema/fields&wt=javabin&version=2} status=0 QTime=0
2017-08-03 23:51:45.437 INFO  (qtp1205044462-12) [   x:solrservices] o.a.s.u.DirectUpdateHandler2 start commit{,optimize=false,openSearcher=true,waitSearcher=true,expungeDeletes=false,softCommit=false,prepareCommit=false}
2017-08-03 23:51:45.437 INFO  (qtp1205044462-12) [   x:solrservices] o.a.s.u.DirectUpdateHandler2 No uncommitted changes. Skipping IW.commit.
2017-08-03 23:51:45.437 INFO  (qtp1205044462-12) [   x:solrservices] o.a.s.u.DirectUpdateHandler2 end_commit_flush
2017-08-03 23:51:45.437 INFO  (qtp1205044462-12) [   x:solrservices] o.a.s.u.p.LogUpdateProcessorFactory [solrservices]  webapp=/solr path=/update params={waitSearcher=true&commit=true&softCommit=false&wt=javabin&version=2}{commit=} 0 4
2017-08-03 23:51:45.490 INFO  (qtp1205044462-16) [   x:solrservices] o.a.s.c.S.Request [solrservices]  webapp=/solr path=/schema/fields params={qt=/schema/fields&wt=javabin&version=2} status=0 QTime=0
2017-08-03 23:51:45.571 INFO  (qtp1205044462-20) [   x:solrservices] o.a.s.c.S.Request [solrservices]  webapp=/solr path=/schema/fields params={qt=/schema/fields&wt=javabin&version=2} status=0 QTime=0
2017-08-03 23:51:46.294 INFO  (qtp1205044462-19) [   x:solrservices] o.a.s.c.S.Request [solrservices]  webapp=/solr path=/select params={facet.query=price:[0+TO+9.99]&facet.query=price:[10+TO+24.99]&facet.query=price:[25+TO+49.99]&facet.query=price:[50+TO+99.99]&facet.query=price:[100+TO+199.99]&facet.query=price:[200+TO+499.99]&facet.query=price:[500+TO+*]&q=*&facet.field=NYAA&facet.field=_root_&facet.field=_text_&facet.field=blah&facet.field=cat&facet.field=features&facet.field=inStock&facet.field=includes&facet.field=location&facet.field=manu&facet.field=name&facet.field=popularity&facet.field=price&facet.field=store&facet.field=token&facet.field=weight&start=0&sort=id+asc&fq=&rows=10&facet=true&wt=xml&version=2.2} hits=4000 status=0 QTime=13
2017-08-03 23:51:46.596 INFO  (qtp1205044462-17) [   x:solrservices] o.a.s.c.S.Request [solrservices]  webapp=/solr path=/schema/fields params={qt=/schema/fields&wt=javabin&version=2} status=0 QTime=0
2017-08-03 23:51:50.682 INFO  (qtp1205044462-18) [   x:solrservices] o.a.s.c.S.Request [solrservices]  webapp=/solr path=/select params={facet.query=price:[0+TO+9.99]&facet.query=price:[10+TO+24.99]&facet.query=price:[25+TO+49.99]&facet.query=price:[50+TO+99.99]&facet.query=price:[100+TO+199.99]&facet.query=price:[200+TO+499.99]&facet.query=price:[500+TO+*]&q=*&facet.field=NYAA&facet.field=_root_&facet.field=_text_&facet.field=blah&facet.field=cat&facet.field=features&facet.field=inStock&facet.field=includes&facet.field=location&facet.field=manu&facet.field=name&facet.field=popularity&facet.field=price&facet.field=store&facet.field=token&facet.field=weight&start=0&sort=id+asc&fq=blah:cards&rows=10&facet=true&wt=xml&version=2.2} hits=0 status=0 QTime=26
2017-08-03 23:56:46.199 INFO  (qtp1205044462-12) [   x:solrservices] o.a.s.u.DirectUpdateHandler2 start commit{,optimize=false,openSearcher=true,waitSearcher=true,expungeDeletes=false,softCommit=false,prepareCommit=false}
2017-08-03 23:56:46.199 INFO  (qtp1205044462-12) [   x:solrservices] o.a.s.u.DirectUpdateHandler2 No uncommitted changes. Skipping IW.commit.
2017-08-03 23:56:46.217 INFO  (qtp1205044462-12) [   x:solrservices] o.a.s.u.DirectUpdateHandler2 end_commit_flush
2017-08-03 23:56:46.217 INFO  (qtp1205044462-12) [   x:solrservices] o.a.s.u.p.LogUpdateProcessorFactory [solrservices]  webapp=/solr path=/update params={waitSearcher=true&commit=true&softCommit=false&wt=javabin&version=2}{commit=} 0 5
2017-08-03 23:56:46.247 INFO  (qtp1205044462-16) [   x:solrservices] o.a.s.c.S.Request [solrservices]  webapp=/solr path=/schema/fields params={qt=/schema/fields&wt=javabin&version=2} status=0 QTime=0
2017-08-03 23:56:46.331 INFO  (qtp1205044462-20) [   x:solrservices] o.a.s.c.S.Request [solrservices]  webapp=/solr path=/schema/fields params={qt=/schema/fields&wt=javabin&version=2} status=0 QTime=0
2017-08-03 23:56:47.048 INFO  (qtp1205044462-18) [   x:solrservices] o.a.s.c.S.Request [solrservices]  webapp=/solr path=/select params={facet.query=price:[0+TO+9.99]&facet.query=price:[10+TO+24.99]&facet.query=price:[25+TO+49.99]&facet.query=price:[50+TO+99.99]&facet.query=price:[100+TO+199.99]&facet.query=price:[200+TO+499.99]&facet.query=price:[500+TO+*]&q=*&facet.field=NYAA&facet.field=_root_&facet.field=_text_&facet.field=blah&facet.field=cat&facet.field=features&facet.field=inStock&facet.field=includes&facet.field=location&facet.field=manu&facet.field=name&facet.field=popularity&facet.field=price&facet.field=store&facet.field=token&facet.field=weight&start=0&sort=id+asc&fq=&rows=10&facet=true&wt=xml&version=2.2} hits=4000 status=0 QTime=7
2017-08-03 23:56:47.366 INFO  (qtp1205044462-14) [   x:solrservices] o.a.s.c.S.Request [solrservices]  webapp=/solr path=/schema/fields params={qt=/schema/fields&wt=javabin&version=2} status=0 QTime=0
2017-08-03 23:58:11.502 INFO  (qtp1205044462-15) [   x:solrservices] o.a.s.u.DirectUpdateHandler2 start commit{,optimize=false,openSearcher=true,waitSearcher=true,expungeDeletes=false,softCommit=false,prepareCommit=false}
2017-08-03 23:58:11.502 INFO  (qtp1205044462-15) [   x:solrservices] o.a.s.u.DirectUpdateHandler2 No uncommitted changes. Skipping IW.commit.
2017-08-03 23:58:11.502 INFO  (qtp1205044462-15) [   x:solrservices] o.a.s.u.DirectUpdateHandler2 end_commit_flush
2017-08-03 23:58:11.502 INFO  (qtp1205044462-15) [   x:solrservices] o.a.s.u.p.LogUpdateProcessorFactory [solrservices]  webapp=/solr path=/update params={waitSearcher=true&commit=true&softCommit=false&wt=javabin&version=2}{commit=} 0 2
2017-08-03 23:58:11.550 INFO  (qtp1205044462-21) [   x:solrservices] o.a.s.c.S.Request [solrservices]  webapp=/solr path=/schema/fields params={qt=/schema/fields&wt=javabin&version=2} status=0 QTime=1
2017-08-03 23:58:11.619 INFO  (qtp1205044462-12) [   x:solrservices] o.a.s.c.S.Request [solrservices]  webapp=/solr path=/schema/fields params={qt=/schema/fields&wt=javabin&version=2} status=0 QTime=0
2017-08-03 23:58:12.358 INFO  (qtp1205044462-16) [   x:solrservices] o.a.s.c.S.Request [solrservices]  webapp=/solr path=/select params={facet.query=price:[0+TO+9.99]&facet.query=price:[10+TO+24.99]&facet.query=price:[25+TO+49.99]&facet.query=price:[50+TO+99.99]&facet.query=price:[100+TO+199.99]&facet.query=price:[200+TO+499.99]&facet.query=price:[500+TO+*]&q=*&facet.field=NYAA&facet.field=_root_&facet.field=_text_&facet.field=blah&facet.field=cat&facet.field=features&facet.field=inStock&facet.field=includes&facet.field=location&facet.field=manu&facet.field=name&facet.field=popularity&facet.field=price&facet.field=store&facet.field=token&facet.field=weight&start=0&sort=id+asc&fq=&rows=10&facet=true&wt=xml&version=2.2} hits=4000 status=0 QTime=9
2017-08-03 23:58:12.678 INFO  (qtp1205044462-20) [   x:solrservices] o.a.s.c.S.Request [solrservices]  webapp=/solr path=/schema/fields params={qt=/schema/fields&wt=javabin&version=2} status=0 QTime=0
2017-08-03 23:59:52.454 INFO  (qtp1205044462-15) [   x:solrservices] o.a.s.u.DirectUpdateHandler2 start commit{,optimize=false,openSearcher=true,waitSearcher=true,expungeDeletes=false,softCommit=false,prepareCommit=false}
2017-08-03 23:59:52.456 INFO  (qtp1205044462-15) [   x:solrservices] o.a.s.u.DirectUpdateHandler2 No uncommitted changes. Skipping IW.commit.
2017-08-03 23:59:52.463 INFO  (qtp1205044462-15) [   x:solrservices] o.a.s.u.DirectUpdateHandler2 end_commit_flush
2017-08-03 23:59:52.464 INFO  (qtp1205044462-15) [   x:solrservices] o.a.s.u.p.LogUpdateProcessorFactory [solrservices]  webapp=/solr path=/update params={waitSearcher=true&commit=true&softCommit=false&wt=javabin&version=2}{commit=} 0 10
2017-08-03 23:59:52.500 INFO  (qtp1205044462-21) [   x:solrservices] o.a.s.c.S.Request [solrservices]  webapp=/solr path=/schema/fields params={qt=/schema/fields&wt=javabin&version=2} status=0 QTime=0
2017-08-03 23:59:52.585 INFO  (qtp1205044462-12) [   x:solrservices] o.a.s.c.S.Request [solrservices]  webapp=/solr path=/schema/fields params={qt=/schema/fields&wt=javabin&version=2} status=0 QTime=0
2017-08-03 23:59:53.309 INFO  (qtp1205044462-16) [   x:solrservices] o.a.s.c.S.Request [solrservices]  webapp=/solr path=/select params={facet.query=price:[0+TO+9.99]&facet.query=price:[10+TO+24.99]&facet.query=price:[25+TO+49.99]&facet.query=price:[50+TO+99.99]&facet.query=price:[100+TO+199.99]&facet.query=price:[200+TO+499.99]&facet.query=price:[500+TO+*]&q=*&facet.field=NYAA&facet.field=_root_&facet.field=_text_&facet.field=blah&facet.field=cat&facet.field=features&facet.field=inStock&facet.field=includes&facet.field=location&facet.field=manu&facet.field=name&facet.field=popularity&facet.field=price&facet.field=store&facet.field=token&facet.field=weight&start=0&sort=id+asc&fq=&rows=10&facet=true&wt=xml&version=2.2} hits=4000 status=0 QTime=8
2017-08-03 23:59:53.607 INFO  (qtp1205044462-19) [   x:solrservices] o.a.s.c.S.Request [solrservices]  webapp=/solr path=/schema/fields params={qt=/schema/fields&wt=javabin&version=2} status=0 QTime=0
2017-08-03 23:59:57.723 INFO  (qtp1205044462-17) [   x:solrservices] o.a.s.c.S.Request [solrservices]  webapp=/solr path=/select params={facet.query=price:[0+TO+9.99]&facet.query=price:[10+TO+24.99]&facet.query=price:[25+TO+49.99]&facet.query=price:[50+TO+99.99]&facet.query=price:[100+TO+199.99]&facet.query=price:[200+TO+499.99]&facet.query=price:[500+TO+*]&q=*&facet.field=NYAA&facet.field=_root_&facet.field=_text_&facet.field=blah&facet.field=cat&facet.field=features&facet.field=inStock&facet.field=includes&facet.field=location&facet.field=manu&facet.field=name&facet.field=popularity&facet.field=price&facet.field=store&facet.field=token&facet.field=weight&start=0&sort=id+asc&fq=cat:cards&rows=10&facet=true&wt=xml&version=2.2} hits=4000 status=0 QTime=22
2017-08-04 00:00:13.934 INFO  (qtp1205044462-20) [   x:solrservices] o.a.s.c.S.Request [solrservices]  webapp=/solr path=/select params={facet.query=price:[0+TO+9.99]&facet.query=price:[10+TO+24.99]&facet.query=price:[25+TO+49.99]&facet.query=price:[50+TO+99.99]&facet.query=price:[100+TO+199.99]&facet.query=price:[200+TO+499.99]&facet.query=price:[500+TO+*]&q=*&facet.field=NYAA&facet.field=_root_&facet.field=_text_&facet.field=blah&facet.field=cat&facet.field=features&facet.field=inStock&facet.field=includes&facet.field=location&facet.field=manu&facet.field=name&facet.field=popularity&facet.field=price&facet.field=store&facet.field=token&facet.field=weight&start=0&sort=id+asc&fq=_text_:down&rows=10&facet=true&wt=xml&version=2.2} hits=4000 status=0 QTime=39
2017-08-04 00:00:27.487 INFO  (qtp1205044462-18) [   x:solrservices] o.a.s.c.S.Request [solrservices]  webapp=/solr path=/select params={facet.query=price:[0+TO+9.99]&facet.query=price:[10+TO+24.99]&facet.query=price:[25+TO+49.99]&facet.query=price:[50+TO+99.99]&facet.query=price:[100+TO+199.99]&facet.query=price:[200+TO+499.99]&facet.query=price:[500+TO+*]&q=*&facet.field=NYAA&facet.field=_root_&facet.field=_text_&facet.field=blah&facet.field=cat&facet.field=features&facet.field=inStock&facet.field=includes&facet.field=location&facet.field=manu&facet.field=name&facet.field=popularity&facet.field=price&facet.field=store&facet.field=token&facet.field=weight&start=0&sort=id+asc&fq=NYAA:"extra+text+to+slow+down+the+sort"~0&rows=10&facet=true&wt=xml&version=2.2} hits=4000 status=0 QTime=28
2017-08-04 00:00:41.024 INFO  (qtp1205044462-14) [   x:solrservices] o.a.s.c.S.Request [solrservices]  webapp=/solr path=/select params={facet.query=price:[0+TO+9.99]&facet.query=price:[10+TO+24.99]&facet.query=price:[25+TO+49.99]&facet.query=price:[50+TO+99.99]&facet.query=price:[100+TO+199.99]&facet.query=price:[200+TO+499.99]&facet.query=price:[500+TO+*]&q=*&facet.field=NYAA&facet.field=_root_&facet.field=_text_&facet.field=blah&facet.field=cat&facet.field=features&facet.field=inStock&facet.field=includes&facet.field=location&facet.field=manu&facet.field=name&facet.field=popularity&facet.field=price&facet.field=store&facet.field=token&facet.field=weight&start=0&sort=id+asc&fq=price:951.0&rows=10&facet=true&wt=xml&version=2.2} hits=11 status=0 QTime=18
